<?xml version="1.0" encoding="UTF-8"?>
<testng-results skipped="0" failed="0" ignored="0" total="1" passed="1">
  <reporter-output>
  </reporter-output>
  <suite name="Default suite" duration-ms="13832" started-at="2018-09-08T07:07:10Z" finished-at="2018-09-08T07:07:24Z">
    <groups>
    </groups>
    <test name="Default test" duration-ms="13832" started-at="2018-09-08T07:07:10Z" finished-at="2018-09-08T07:07:24Z">
      <class name="demo.Test1">
        <test-method status="PASS" signature="setUp()[pri:0, instance:demo.Test1@4dfa3a9d]" name="setUp" is-config="true" duration-ms="4126" started-at="2018-09-08T07:07:10Z" finished-at="2018-09-08T07:07:14Z">
          <reporter-output>
          </reporter-output>
        </test-method> <!-- setUp -->
        <test-method status="PASS" signature="test1()[pri:0, instance:demo.Test1@4dfa3a9d]" name="test1" duration-ms="8925" started-at="2018-09-08T07:07:14Z" finished-at="2018-09-08T07:07:23Z">
          <reporter-output>
          </reporter-output>
        </test-method> <!-- test1 -->
        <test-method status="PASS" signature="tearDown()[pri:0, instance:demo.Test1@4dfa3a9d]" name="tearDown" is-config="true" duration-ms="760" started-at="2018-09-08T07:07:23Z" finished-at="2018-09-08T07:07:24Z">
          <reporter-output>
          </reporter-output>
        </test-method> <!-- tearDown -->
      </class> <!-- demo.Test1 -->
    </test> <!-- Default test -->
  </suite> <!-- Default suite -->
</testng-results>
